Wed Apr 15 00:54:20 UTC 2026
==26700== Memcheck, a memory error detector
==26700== Copyright (C) 2002-2024, and GNU GPL'd, by Julian Seward et al.
==26700== Using Valgrind-3.23.0 and LibVEX; rerun with -h for copyright info
==26700== Command: ./a.out
==26700== 
Yolla and 3000
Arrived: 0
Michale and 3000
Arrived: 1

SECOND TEST
------------------------------------
JOJO! and 100000
Arrived: 3
Kevin Hart and 9000
Arrived: 0
Luke Skywalker and 5000
Arrived: 2
Freddy Kruger and 4500
Arrived: 1
ALL TESTS PASSED
==26700== 
==26700== HEAP SUMMARY:
==26700==     in use at exit: 0 bytes in 0 blocks
==26700==   total heap usage: 5 allocs, 5 frees, 77,136 bytes allocated
==26700== 
==26700== All heap blocks were freed -- no leaks are possible
==26700== 
==26700== For lists of detected and suppressed errors, rerun with: -s
==26700== ERROR SUMMARY: 0 errors from 0 contexts (suppressed: 0 from 0)
