Sat Apr  4 20:10:41 UTC 2026
==40514== Memcheck, a memory error detector
==40514== Copyright (C) 2002-2024, and GNU GPL'd, by Julian Seward et al.
==40514== Using Valgrind-3.23.0 and LibVEX; rerun with -h for copyright info
==40514== Command: ./a.out
==40514== 
Integer address: 0x4da0c80
oops
4 3 2 1 0 
==40514== 
==40514== HEAP SUMMARY:
==40514==     in use at exit: 1,096 bytes in 16 blocks
==40514==   total heap usage: 36 allocs, 20 frees, 80,393 bytes allocated
==40514== 
==40514== 16 bytes in 1 blocks are definitely lost in loss record 1 of 4
==40514==    at 0x4844FB5: operator new(unsigned long) (vg_replace_malloc.c:487)
==40514==    by 0x4016B6: leak6() (memleak.cpp:139)
==40514==    by 0x4017F9: main (memleak.cpp:173)
==40514== 
==40514== 80 (16 direct, 64 indirect) bytes in 1 blocks are definitely lost in loss record 3 of 4
==40514==    at 0x4844FB5: operator new(unsigned long) (vg_replace_malloc.c:487)
==40514==    by 0x401726: addNode(int, Node*) (memleak.cpp:148)
==40514==    by 0x401772: leak7() (memleak.cpp:155)
==40514==    by 0x4017FE: main (memleak.cpp:174)
==40514== 
==40514== 1,000 bytes in 10 blocks are definitely lost in loss record 4 of 4
==40514==    at 0x4846743: operator new[](unsigned long) (vg_replace_malloc.c:729)
==40514==    by 0x4019DF: BufferManager::BufferManager(int, int) (memleak.cpp:89)
==40514==    by 0x4015A8: leak5() (memleak.cpp:115)
==40514==    by 0x4017F4: main (memleak.cpp:172)
==40514== 
==40514== LEAK SUMMARY:
==40514==    definitely lost: 1,032 bytes in 12 blocks
==40514==    indirectly lost: 64 bytes in 4 blocks
==40514==      possibly lost: 0 bytes in 0 blocks
==40514==    still reachable: 0 bytes in 0 blocks
==40514==         suppressed: 0 bytes in 0 blocks
==40514== 
==40514== For lists of detected and suppressed errors, rerun with: -s
==40514== ERROR SUMMARY: 3 errors from 3 contexts (suppressed: 0 from 0)
