Sun Apr 19 19:21:14 UTC 2026
==45815== Memcheck, a memory error detector
==45815== Copyright (C) 2002-2024, and GNU GPL'd, by Julian Seward et al.
==45815== Using Valgrind-3.23.0 and LibVEX; rerun with -h for copyright info
==45815== Command: ./a.out
==45815== 
Test 1: First int is the smallest[PASSED]
  Expected: 5
  Actual:   5
Test 2: Second int is the next smallest[PASSED]
  Expected: 10
  Actual:   10
Test 3: Third int[PASSED]
  Expected: 30
  Actual:   30
Test 4: Last int[PASSED]
  Expected: 50
  Actual:   50
Test 5: Reverse Order Insertion... [PASSED UPHEAP]
Test 6: Duplicate Values... [PASSED DUPLICATES]
Test 7: Foodstuff Cheapest Functor... [PASSED CHEAPEST]
[TESTS PASSED:] 7/7
hair         - cost:  22  weight:  80  CostPerPound: 0.275000
fruit peels  - cost:  29  weight:  57  CostPerPound: 0.508772
corn cobs    - cost:  48  weight:  77  CostPerPound: 0.623377
nut shells   - cost:  24  weight:  32  CostPerPound: 0.750000
bones        - cost:  65  weight:  85  CostPerPound: 0.764706
old tires    - cost:  42  weight:  61  CostPerPound: 0.688525
corn cobs    - cost:  12  weight:  68  CostPerPound: 0.176471
pomace       - cost:  26  weight:  34  CostPerPound: 0.764706
viscera      - cost:  59  weight:  76  CostPerPound: 0.776316
offal        - cost:  96  weight:  98  CostPerPound: 0.979592
total cost:   423
total weight: 668
==45815== 
==45815== HEAP SUMMARY:
==45815==     in use at exit: 0 bytes in 0 blocks
==45815==   total heap usage: 30 allocs, 30 frees, 79,849 bytes allocated
==45815== 
==45815== All heap blocks were freed -- no leaks are possible
==45815== 
==45815== For lists of detected and suppressed errors, rerun with: -s
==45815== ERROR SUMMARY: 0 errors from 0 contexts (suppressed: 0 from 0)
