Mon Apr  6 19:48:40 UTC 2026
==95479== Memcheck, a memory error detector
==95479== Copyright (C) 2002-2024, and GNU GPL'd, by Julian Seward et al.
==95479== Using Valgrind-3.23.0 and LibVEX; rerun with -h for copyright info
==95479== Command: ./a.out
==95479== 
Bobby & height 0
Jill & height 1
Still & height 1
==95479== 
==95479== HEAP SUMMARY:
==95479==     in use at exit: 144 bytes in 3 blocks
==95479==   total heap usage: 5 allocs, 2 frees, 76,944 bytes allocated
==95479== 
==95479== 144 (48 direct, 96 indirect) bytes in 1 blocks are definitely lost in loss record 3 of 3
==95479==    at 0x4844FB5: operator new(unsigned long) (vg_replace_malloc.c:487)
==95479==    by 0x40125F: main (howHigh.cpp:30)
==95479== 
==95479== LEAK SUMMARY:
==95479==    definitely lost: 48 bytes in 1 blocks
==95479==    indirectly lost: 96 bytes in 2 blocks
==95479==      possibly lost: 0 bytes in 0 blocks
==95479==    still reachable: 0 bytes in 0 blocks
==95479==         suppressed: 0 bytes in 0 blocks
==95479== 
==95479== For lists of detected and suppressed errors, rerun with: -s
==95479== ERROR SUMMARY: 1 errors from 1 contexts (suppressed: 0 from 0)
