Sat Apr 11 04:05:22 UTC 2026
==32099== Memcheck, a memory error detector
==32099== Copyright (C) 2002-2024, and GNU GPL'd, by Julian Seward et al.
==32099== Using Valgrind-3.23.0 and LibVEX; rerun with -h for copyright info
==32099== Command: ./a.out
==32099== 
[PASSED] First bits: 12 written
Expected: 12
Actual: 12
[PASSED] A little fun test
Expected: AA-A0
Actual: AA-A0
[PASSED] Testing one true: 16 written
Expected: 16
Actual: 16
[PASSED] One bit only
Expected: 00-01
Actual: 00-01

Total Tests Passed: 4/4
==32099== 
==32099== HEAP SUMMARY:
==32099==     in use at exit: 0 bytes in 0 blocks
==32099==   total heap usage: 12 allocs, 12 frees, 76,881 bytes allocated
==32099== 
==32099== All heap blocks were freed -- no leaks are possible
==32099== 
==32099== For lists of detected and suppressed errors, rerun with: -s
==32099== ERROR SUMMARY: 0 errors from 0 contexts (suppressed: 0 from 0)
